<?xml version="1.0" encoding="UTF-8"?>
<!-- Generated by org.testng.reporters.JUnitReportReporter -->
<testsuite skipped="0" hostname="kallu" name="com.automation.org.studyAutomation.StudyClass" tests="1" failures="0" timestamp="23 Feb 2019 17:22:14 GMT" time="4.146" errors="0">
  <testcase name="start" time="4.146" classname="com.automation.org.studyAutomation.StudyClass"/>
</testsuite> <!-- com.automation.org.studyAutomation.StudyClass -->
